[1104/131034.979:ERROR:crash_report_database_win.cc(457)] unexpected header
[1104/132035.015:ERROR:crash_report_database_win.cc(457)] unexpected header
[1104/132035.046:ERROR:filesystem_win.cc(129)] GetFileAttributes C:\Users\wahab\AppData\Local\Google\Chrome\User Data\Crashpad\attachments\0ec4ed2e-4590-46bb-8292-e2611dd3275d: The system cannot find the path specified. (0x3)
[1104/132035.078:ERROR:filesystem_win.cc(129)] GetFileAttributes C:\Users\wahab\AppData\Local\Google\Chrome\User Data\Crashpad\attachments\3816b28b-aeaf-4826-92dd-fb40d5f4ed32: The system cannot find the path specified. (0x3)
[1104/132035.078:ERROR:filesystem_win.cc(129)] GetFileAttributes C:\Users\wahab\AppData\Local\Google\Chrome\User Data\Crashpad\attachments\3ede7cde-536d-414d-971b-60378f62b256: The system cannot find the path specified. (0x3)
[1104/132035.078:ERROR:filesystem_win.cc(129)] GetFileAttributes C:\Users\wahab\AppData\Local\Google\Chrome\User Data\Crashpad\attachments\a08aa5df-1ce3-4ee4-90bd-f1a4fd33d171: The system cannot find the path specified. (0x3)
[1104/132035.093:ERROR:filesystem_win.cc(129)] GetFileAttributes C:\Users\wahab\AppData\Local\Google\Chrome\User Data\Crashpad\attachments\aea1bebe-b480-4ff3-bafb-30ca18849dff: The system cannot find the path specified. (0x3)
[1104/132035.109:ERROR:filesystem_win.cc(129)] GetFileAttributes C:\Users\wahab\AppData\Local\Google\Chrome\User Data\Crashpad\attachments\c6e3ddd1-479a-48f3-b759-922ff5dbbd29: The system cannot find the path specified. (0x3)
[1104/132035.109:ERROR:filesystem_win.cc(129)] GetFileAttributes C:\Users\wahab\AppData\Local\Google\Chrome\User Data\Crashpad\attachments\e05a110a-c470-4796-b860-5b4b5aa91eb4: The system cannot find the path specified. (0x3)
[1104/132035.109:ERROR:directory_reader_win.cc(43)] FindFirstFile: The system cannot find the path specified. (0x3)
[1104/132035.109:ERROR:crash_report_database_win.cc(457)] unexpected header
[1104/132035.109:ERROR:crash_report_database_win.cc(457)] unexpected header
[1104/132535.045:ERROR:crash_report_database_win.cc(457)] unexpected header
[1104/133028.392:ERROR:crash_report_database_win.cc(457)] unexpected header
[1104/134035.055:ERROR:crash_report_database_win.cc(457)] unexpected header
[1104/134854.298:ERROR:crash_report_database_win.cc(457)] unexpected header
[1104/135236.282:ERROR:crash_report_database_win.cc(457)] unexpected header
[1104/135535.074:ERROR:crash_report_database_win.cc(457)] unexpected header
[1104/135636.369:ERROR:crash_report_database_win.cc(457)] unexpected header
[1104/141035.075:ERROR:crash_report_database_win.cc(457)] unexpected header
[1104/142535.077:ERROR:crash_report_database_win.cc(457)] unexpected header
[1104/144035.078:ERROR:crash_report_database_win.cc(457)] unexpected header
[1104/145535.079:ERROR:crash_report_database_win.cc(457)] unexpected header
[1104/151035.121:ERROR:crash_report_database_win.cc(457)] unexpected header
[1104/152535.122:ERROR:crash_report_database_win.cc(457)] unexpected header
[1104/154035.123:ERROR:crash_report_database_win.cc(457)] unexpected header
[1104/155535.125:ERROR:crash_report_database_win.cc(457)] unexpected header
[1104/161044.607:ERROR:crash_report_database_win.cc(457)] unexpected header
[1104/162544.608:ERROR:crash_report_database_win.cc(457)] unexpected header
[1104/164044.610:ERROR:crash_report_database_win.cc(457)] unexpected header
[1104/165544.611:ERROR:crash_report_database_win.cc(457)] unexpected header
[1104/171044.674:ERROR:crash_report_database_win.cc(457)] unexpected header
[1104/172544.713:ERROR:crash_report_database_win.cc(457)] unexpected header
[1104/174044.725:ERROR:crash_report_database_win.cc(457)] unexpected header
[1104/190155.913:ERROR:crash_report_database_win.cc(457)] unexpected header
[1104/212737.668:ERROR:crash_report_database_win.cc(457)] unexpected header
[1104/214238.054:ERROR:crash_report_database_win.cc(457)] unexpected header
[1104/215738.093:ERROR:crash_report_database_win.cc(457)] unexpected header
[1104/221238.094:ERROR:crash_report_database_win.cc(457)] unexpected header
[1104/222738.392:ERROR:crash_report_database_win.cc(457)] unexpected header
[1104/224238.392:ERROR:crash_report_database_win.cc(457)] unexpected header
[1104/225840.482:ERROR:crash_report_database_win.cc(457)] unexpected header
[1104/231340.483:ERROR:crash_report_database_win.cc(457)] unexpected header
[1104/232840.484:ERROR:crash_report_database_win.cc(457)] unexpected header
[1104/234340.486:ERROR:crash_report_database_win.cc(457)] unexpected header
[1104/235840.486:ERROR:crash_report_database_win.cc(457)] unexpected header
[1105/001340.486:ERROR:crash_report_database_win.cc(457)] unexpected header
[1105/002840.487:ERROR:crash_report_database_win.cc(457)] unexpected header
[1105/004340.488:ERROR:crash_report_database_win.cc(457)] unexpected header
[1105/005840.489:ERROR:crash_report_database_win.cc(457)] unexpected header
[1105/011340.490:ERROR:crash_report_database_win.cc(457)] unexpected header
[1105/012840.522:ERROR:crash_report_database_win.cc(457)] unexpected header
[1105/014340.522:ERROR:crash_report_database_win.cc(457)] unexpected header
[1105/015840.524:ERROR:crash_report_database_win.cc(457)] unexpected header
[1105/021340.526:ERROR:crash_report_database_win.cc(457)] unexpected header
[1105/022840.526:ERROR:crash_report_database_win.cc(457)] unexpected header
[1105/024340.527:ERROR:crash_report_database_win.cc(457)] unexpected header
[1105/091605.050:ERROR:crash_report_database_win.cc(457)] unexpected header
[1105/093105.049:ERROR:crash_report_database_win.cc(457)] unexpected header
[1105/115929.511:ERROR:crash_report_database_win.cc(457)] unexpected header
[1105/121429.512:ERROR:crash_report_database_win.cc(457)] unexpected header
[1105/122929.513:ERROR:crash_report_database_win.cc(457)] unexpected header
[1105/124429.553:ERROR:crash_report_database_win.cc(457)] unexpected header
[1105/125929.553:ERROR:crash_report_database_win.cc(457)] unexpected header
[1105/131429.554:ERROR:crash_report_database_win.cc(457)] unexpected header
[1105/131515.230:ERROR:crash_report_database_win.cc(457)] unexpected header
[1107/132024.866:ERROR:filesystem_win.cc(129)] GetFileAttributes C:\Users\wahab\AppData\Local\Google\Chrome\User Data\Crashpad\attachments\087a55bc-2a69-41f7-bb20-a2cbaf926187: The system cannot find the path specified. (0x3)
[1107/132024.988:ERROR:filesystem_win.cc(129)] GetFileAttributes C:\Users\wahab\AppData\Local\Google\Chrome\User Data\Crashpad\attachments\22033f9b-3006-4400-88c9-a13fe0ec2653: The system cannot find the path specified. (0x3)
[1107/132024.988:ERROR:filesystem_win.cc(129)] GetFileAttributes C:\Users\wahab\AppData\Local\Google\Chrome\User Data\Crashpad\attachments\7da8278f-e608-469a-94e8-abf7d5bb9dc1: The system cannot find the path specified. (0x3)
[1107/132024.997:ERROR:filesystem_win.cc(129)] GetFileAttributes C:\Users\wahab\AppData\Local\Google\Chrome\User Data\Crashpad\attachments\a4763998-ddd9-49b1-9a2e-b8aad14cbf37: The system cannot find the path specified. (0x3)
[1107/132025.001:ERROR:filesystem_win.cc(129)] GetFileAttributes C:\Users\wahab\AppData\Local\Google\Chrome\User Data\Crashpad\attachments\ff848b6f-5821-4019-83e4-f54232f72a15: The system cannot find the path specified. (0x3)
[1107/132025.001:ERROR:directory_reader_win.cc(43)] FindFirstFile: The system cannot find the path specified. (0x3)
[1230/185951.734:ERROR:directory_reader_win.cc(43)] FindFirstFile: The system cannot find the path specified. (0x3)
